[2020-01-15T21:08:04.563] [INFO] req - IncomingMessage {
  _readableState: ReadableState {
    objectMode: false,
    highWaterMark: 16384,
    buffer: BufferList { head: null, tail: null, length: 0 },
    length: 0,
    pipes: null,
    pipesCount: 0,
    flowing: null,
    ended: false,
    endEmitted: false,
    reading: false,
    sync: true,
    needReadable: false,
    emittedReadable: false,
    readableListening: false,
    resumeScheduled: false,
    paused: true,
    emitClose: true,
    autoDestroy: false,
    destroyed: false,
    defaultEncoding: 'utf8',
    awaitDrain: 0,
    readingMore: true,
    decoder: null,
    encoding: null
  },
  readable: true,
  _events: [Object: null prototype] {
    end: [Function: resetHeadersTimeoutOnReqEnd]
  },
  _eventsCount: 1,
  _maxListeners: undefined,
  socket: Socket {
    connecting: false,
    _hadError: false,
    _parent: null,
    _host: null,
    _readableState: ReadableState {
      objectMode: false,
      highWaterMark: 16384,
      buffer: BufferList { head: null, tail: null, length: 0 },
      length: 0,
      pipes: null,
      pipesCount: 0,
      flowing: true,
      ended: false,
      endEmitted: false,
      reading: true,
      sync: false,
      needReadable: true,
      emittedReadable: false,
      readableListening: false,
      resumeScheduled: false,
      paused: false,
      emitClose: false,
      autoDestroy: false,
      destroyed: false,
      defaultEncoding: 'utf8',
      awaitDrain: 0,
      readingMore: false,
      decoder: null,
      encoding: null
    },
    readable: true,
    _events: [Object: null prototype] {
      end: [Array],
      timeout: [Function: socketOnTimeout],
      data: [Function: bound socketOnData],
      error: [Function: socketOnError],
      close: [Array],
      drain: [Function: bound socketOnDrain],
      resume: [Function: onSocketResume],
      pause: [Function: onSocketPause]
    },
    _eventsCount: 8,
    _maxListeners: undefined,
    _writableState: WritableState {
      objectMode: false,
      highWaterMark: 16384,
      finalCalled: false,
      needDrain: false,
      ending: false,
      ended: false,
      finished: false,
      destroyed: false,
      decodeStrings: false,
      defaultEncoding: 'utf8',
      length: 0,
      writing: false,
      corked: 0,
      sync: true,
      bufferProcessing: false,
      onwrite: [Function: bound onwrite],
      writecb: null,
      writelen: 0,
      bufferedRequest: null,
      lastBufferedRequest: null,
      pendingcb: 0,
      prefinished: false,
      errorEmitted: false,
      emitClose: false,
      autoDestroy: false,
      bufferedRequestCount: 0,
      corkedRequestsFree: [Object]
    },
    writable: true,
    allowHalfOpen: true,
    _sockname: null,
    _pendingData: null,
    _pendingEncoding: '',
    server: Server {
      _events: [Object: null prototype],
      _eventsCount: 2,
      _maxListeners: undefined,
      _connections: 1,
      _handle: [TCP],
      _usingWorkers: false,
      _workers: [],
      _unref: false,
      allowHalfOpen: true,
      pauseOnConnect: false,
      httpAllowHalfOpen: false,
      timeout: 120000,
      keepAliveTimeout: 5000,
      maxHeadersCount: null,
      headersTimeout: 40000,
      _connectionKey: '6::::3000',
      [Symbol(IncomingMessage)]: [Function: IncomingMessage],
      [Symbol(ServerResponse)]: [Function: ServerResponse],
      [Symbol(asyncId)]: 55
    },
    _server: Server {
      _events: [Object: null prototype],
      _eventsCount: 2,
      _maxListeners: undefined,
      _connections: 1,
      _handle: [TCP],
      _usingWorkers: false,
      _workers: [],
      _unref: false,
      allowHalfOpen: true,
      pauseOnConnect: false,
      httpAllowHalfOpen: false,
      timeout: 120000,
      keepAliveTimeout: 5000,
      maxHeadersCount: null,
      headersTimeout: 40000,
      _connectionKey: '6::::3000',
      [Symbol(IncomingMessage)]: [Function: IncomingMessage],
      [Symbol(ServerResponse)]: [Function: ServerResponse],
      [Symbol(asyncId)]: 55
    },
    timeout: 120000,
    parser: HTTPParser {
      '0': [Function: parserOnHeaders],
      '1': [Function: parserOnHeadersComplete],
      '2': [Function: parserOnBody],
      '3': [Function: parserOnMessageComplete],
      '4': [Function: bound onParserExecute],
      _headers: [],
      _url: '',
      socket: [Circular],
      incoming: [Circular],
      outgoing: null,
      maxHeaderPairs: 2000,
      _consumed: true,
      onIncoming: [Function: bound parserOnIncoming],
      parsingHeadersStart: 0
    },
    on: [Function: socketListenerWrap],
    addListener: [Function: socketListenerWrap],
    prependListener: [Function: socketListenerWrap],
    _paused: false,
    _httpMessage: ServerResponse {
      _events: [Object: null prototype],
      _eventsCount: 1,
      _maxListeners: undefined,
      outputData: [],
      outputSize: 0,
      writable: true,
      _last: false,
      chunkedEncoding: false,
      shouldKeepAlive: false,
      useChunkedEncodingByDefault: true,
      sendDate: true,
      _removedConnection: false,
      _removedContLen: false,
      _removedTE: false,
      _contentLength: null,
      _hasBody: true,
      _trailer: '',
      finished: false,
      _headerSent: false,
      socket: [Circular],
      connection: [Circular],
      _header: null,
      _onPendingData: [Function: bound updateOutgoingData],
      _sent100: false,
      _expect_continue: false,
      req: [Circular],
      locals: [Object: null prototype] {},
      [Symbol(kNeedDrain)]: false,
      [Symbol(isCorked)]: false,
      [Symbol(kOutHeaders)]: [Object: null prototype]
    },
    [Symbol(asyncId)]: 58,
    [Symbol(kHandle)]: TCP {
      reading: true,
      onconnection: null,
      _consumed: true,
      [Symbol(owner)]: [Circular]
    },
    [Symbol(lastWriteQueueSize)]: 0,
    [Symbol(timeout)]: Timeout {
      _idleTimeout: 120000,
      _idlePrev: [TimersList],
      _idleNext: [TimersList],
      _idleStart: 18400,
      _onTimeout: [Function: bound ],
      _timerArgs: undefined,
      _repeat: null,
      _destroyed: false,
      [Symbol(refed)]: false,
      [Symbol(asyncId)]: 59,
      [Symbol(triggerId)]: 58
    },
    [Symbol(kBuffer)]: null,
    [Symbol(kBufferCb)]: null,
    [Symbol(kBufferGen)]: null,
    [Symbol(kBytesRead)]: 0,
    [Symbol(kBytesWritten)]: 0
  },
  connection: Socket {
    connecting: false,
    _hadError: false,
    _parent: null,
    _host: null,
    _readableState: ReadableState {
      objectMode: false,
      highWaterMark: 16384,
      buffer: BufferList { head: null, tail: null, length: 0 },
      length: 0,
      pipes: null,
      pipesCount: 0,
      flowing: true,
      ended: false,
      endEmitted: false,
      reading: true,
      sync: false,
      needReadable: true,
      emittedReadable: false,
      readableListening: false,
      resumeScheduled: false,
      paused: false,
      emitClose: false,
      autoDestroy: false,
      destroyed: false,
      defaultEncoding: 'utf8',
      awaitDrain: 0,
      readingMore: false,
      decoder: null,
      encoding: null
    },
    readable: true,
    _events: [Object: null prototype] {
      end: [Array],
      timeout: [Function: socketOnTimeout],
      data: [Function: bound socketOnData],
      error: [Function: socketOnError],
      close: [Array],
      drain: [Function: bound socketOnDrain],
      resume: [Function: onSocketResume],
      pause: [Function: onSocketPause]
    },
    _eventsCount: 8,
    _maxListeners: undefined,
    _writableState: WritableState {
      objectMode: false,
      highWaterMark: 16384,
      finalCalled: false,
      needDrain: false,
      ending: false,
      ended: false,
      finished: false,
      destroyed: false,
      decodeStrings: false,
      defaultEncoding: 'utf8',
      length: 0,
      writing: false,
      corked: 0,
      sync: true,
      bufferProcessing: false,
      onwrite: [Function: bound onwrite],
      writecb: null,
      writelen: 0,
      bufferedRequest: null,
      lastBufferedRequest: null,
      pendingcb: 0,
      prefinished: false,
      errorEmitted: false,
      emitClose: false,
      autoDestroy: false,
      bufferedRequestCount: 0,
      corkedRequestsFree: [Object]
    },
    writable: true,
    allowHalfOpen: true,
    _sockname: null,
    _pendingData: null,
    _pendingEncoding: '',
    server: Server {
      _events: [Object: null prototype],
      _eventsCount: 2,
      _maxListeners: undefined,
      _connections: 1,
      _handle: [TCP],
      _usingWorkers: false,
      _workers: [],
      _unref: false,
      allowHalfOpen: true,
      pauseOnConnect: false,
      httpAllowHalfOpen: false,
      timeout: 120000,
      keepAliveTimeout: 5000,
      maxHeadersCount: null,
      headersTimeout: 40000,
      _connectionKey: '6::::3000',
      [Symbol(IncomingMessage)]: [Function: IncomingMessage],
      [Symbol(ServerResponse)]: [Function: ServerResponse],
      [Symbol(asyncId)]: 55
    },
    _server: Server {
      _events: [Object: null prototype],
      _eventsCount: 2,
      _maxListeners: undefined,
      _connections: 1,
      _handle: [TCP],
      _usingWorkers: false,
      _workers: [],
      _unref: false,
      allowHalfOpen: true,
      pauseOnConnect: false,
      httpAllowHalfOpen: false,
      timeout: 120000,
      keepAliveTimeout: 5000,
      maxHeadersCount: null,
      headersTimeout: 40000,
      _connectionKey: '6::::3000',
      [Symbol(IncomingMessage)]: [Function: IncomingMessage],
      [Symbol(ServerResponse)]: [Function: ServerResponse],
      [Symbol(asyncId)]: 55
    },
    timeout: 120000,
    parser: HTTPParser {
      '0': [Function: parserOnHeaders],
      '1': [Function: parserOnHeadersComplete],
      '2': [Function: parserOnBody],
      '3': [Function: parserOnMessageComplete],
      '4': [Function: bound onParserExecute],
      _headers: [],
      _url: '',
      socket: [Circular],
      incoming: [Circular],
      outgoing: null,
      maxHeaderPairs: 2000,
      _consumed: true,
      onIncoming: [Function: bound parserOnIncoming],
      parsingHeadersStart: 0
    },
    on: [Function: socketListenerWrap],
    addListener: [Function: socketListenerWrap],
    prependListener: [Function: socketListenerWrap],
    _paused: false,
    _httpMessage: ServerResponse {
      _events: [Object: null prototype],
      _eventsCount: 1,
      _maxListeners: undefined,
      outputData: [],
      outputSize: 0,
      writable: true,
      _last: false,
      chunkedEncoding: false,
      shouldKeepAlive: false,
      useChunkedEncodingByDefault: true,
      sendDate: true,
      _removedConnection: false,
      _removedContLen: false,
      _removedTE: false,
      _contentLength: null,
      _hasBody: true,
      _trailer: '',
      finished: false,
      _headerSent: false,
      socket: [Circular],
      connection: [Circular],
      _header: null,
      _onPendingData: [Function: bound updateOutgoingData],
      _sent100: false,
      _expect_continue: false,
      req: [Circular],
      locals: [Object: null prototype] {},
      [Symbol(kNeedDrain)]: false,
      [Symbol(isCorked)]: false,
      [Symbol(kOutHeaders)]: [Object: null prototype]
    },
    [Symbol(asyncId)]: 58,
    [Symbol(kHandle)]: TCP {
      reading: true,
      onconnection: null,
      _consumed: true,
      [Symbol(owner)]: [Circular]
    },
    [Symbol(lastWriteQueueSize)]: 0,
    [Symbol(timeout)]: Timeout {
      _idleTimeout: 120000,
      _idlePrev: [TimersList],
      _idleNext: [TimersList],
      _idleStart: 18400,
      _onTimeout: [Function: bound ],
      _timerArgs: undefined,
      _repeat: null,
      _destroyed: false,
      [Symbol(refed)]: false,
      [Symbol(asyncId)]: 59,
      [Symbol(triggerId)]: 58
    },
    [Symbol(kBuffer)]: null,
    [Symbol(kBufferCb)]: null,
    [Symbol(kBufferGen)]: null,
    [Symbol(kBytesRead)]: 0,
    [Symbol(kBytesWritten)]: 0
  },
  httpVersionMajor: 1,
  httpVersionMinor: 1,
  httpVersion: '1.1',
  complete: false,
  headers: {
    connection: 'close',
    'content-length': '41',
    host: 'localhost:3000',
    'accept-encoding': 'gzip, deflate',
    'content-type': 'application/json;charset=utf-8',
    'accept-language': 'zh-Hans-CN,zh-Hans;q=0.5',
    accept: 'application/json, text/plain, */*',
    'cache-control': 'max-age=0',
    'user-agent': 'Mozilla/5.0 (Windows NT 10.0; Win64; x64) AppleWebKit/537.36 (KHTML, like Gecko) Chrome/70.0.3538.102 Safari/537.36 Edge/18.18362',
    referer: 'http://localhost:8080/',
    origin: 'http://localhost:8080'
  },
  rawHeaders: [
    'connection',
    'close',
    'content-length',
    '41',
    'host',
    'localhost:3000',
    'accept-encoding',
    'gzip, deflate',
    'content-type',
    'application/json;charset=utf-8',
    'accept-language',
    'zh-Hans-CN,zh-Hans;q=0.5',
    'accept',
    'application/json, text/plain, */*',
    'cache-control',
    'max-age=0',
    'user-agent',
    'Mozilla/5.0 (Windows NT 10.0; Win64; x64) AppleWebKit/537.36 (KHTML, like Gecko) Chrome/70.0.3538.102 Safari/537.36 Edge/18.18362',
    'referer',
    'http://localhost:8080/',
    'origin',
    'http://localhost:8080'
  ],
  trailers: {},
  rawTrailers: [],
  aborted: false,
  upgrade: false,
  url: '/users/login',
  method: 'POST',
  statusCode: null,
  statusMessage: null,
  client: Socket {
    connecting: false,
    _hadError: false,
    _parent: null,
    _host: null,
    _readableState: ReadableState {
      objectMode: false,
      highWaterMark: 16384,
      buffer: BufferList { head: null, tail: null, length: 0 },
      length: 0,
      pipes: null,
      pipesCount: 0,
      flowing: true,
      ended: false,
      endEmitted: false,
      reading: true,
      sync: false,
      needReadable: true,
      emittedReadable: false,
      readableListening: false,
      resumeScheduled: false,
      paused: false,
      emitClose: false,
      autoDestroy: false,
      destroyed: false,
      defaultEncoding: 'utf8',
      awaitDrain: 0,
      readingMore: false,
      decoder: null,
      encoding: null
    },
    readable: true,
    _events: [Object: null prototype] {
      end: [Array],
      timeout: [Function: socketOnTimeout],
      data: [Function: bound socketOnData],
      error: [Function: socketOnError],
      close: [Array],
      drain: [Function: bound socketOnDrain],
      resume: [Function: onSocketResume],
      pause: [Function: onSocketPause]
    },
    _eventsCount: 8,
    _maxListeners: undefined,
    _writableState: WritableState {
      objectMode: false,
      highWaterMark: 16384,
      finalCalled: false,
      needDrain: false,
      ending: false,
      ended: false,
      finished: false,
      destroyed: false,
      decodeStrings: false,
      defaultEncoding: 'utf8',
      length: 0,
      writing: false,
      corked: 0,
      sync: true,
      bufferProcessing: false,
      onwrite: [Function: bound onwrite],
      writecb: null,
      writelen: 0,
      bufferedRequest: null,
      lastBufferedRequest: null,
      pendingcb: 0,
      prefinished: false,
      errorEmitted: false,
      emitClose: false,
      autoDestroy: false,
      bufferedRequestCount: 0,
      corkedRequestsFree: [Object]
    },
    writable: true,
    allowHalfOpen: true,
    _sockname: null,
    _pendingData: null,
    _pendingEncoding: '',
    server: Server {
      _events: [Object: null prototype],
      _eventsCount: 2,
      _maxListeners: undefined,
      _connections: 1,
      _handle: [TCP],
      _usingWorkers: false,
      _workers: [],
      _unref: false,
      allowHalfOpen: true,
      pauseOnConnect: false,
      httpAllowHalfOpen: false,
      timeout: 120000,
      keepAliveTimeout: 5000,
      maxHeadersCount: null,
      headersTimeout: 40000,
      _connectionKey: '6::::3000',
      [Symbol(IncomingMessage)]: [Function: IncomingMessage],
      [Symbol(ServerResponse)]: [Function: ServerResponse],
      [Symbol(asyncId)]: 55
    },
    _server: Server {
      _events: [Object: null prototype],
      _eventsCount: 2,
      _maxListeners: undefined,
      _connections: 1,
      _handle: [TCP],
      _usingWorkers: false,
      _workers: [],
      _unref: false,
      allowHalfOpen: true,
      pauseOnConnect: false,
      httpAllowHalfOpen: false,
      timeout: 120000,
      keepAliveTimeout: 5000,
      maxHeadersCount: null,
      headersTimeout: 40000,
      _connectionKey: '6::::3000',
      [Symbol(IncomingMessage)]: [Function: IncomingMessage],
      [Symbol(ServerResponse)]: [Function: ServerResponse],
      [Symbol(asyncId)]: 55
    },
    timeout: 120000,
    parser: HTTPParser {
      '0': [Function: parserOnHeaders],
      '1': [Function: parserOnHeadersComplete],
      '2': [Function: parserOnBody],
      '3': [Function: parserOnMessageComplete],
      '4': [Function: bound onParserExecute],
      _headers: [],
      _url: '',
      socket: [Circular],
      incoming: [Circular],
      outgoing: null,
      maxHeaderPairs: 2000,
      _consumed: true,
      onIncoming: [Function: bound parserOnIncoming],
      parsingHeadersStart: 0
    },
    on: [Function: socketListenerWrap],
    addListener: [Function: socketListenerWrap],
    prependListener: [Function: socketListenerWrap],
    _paused: false,
    _httpMessage: ServerResponse {
      _events: [Object: null prototype],
      _eventsCount: 1,
      _maxListeners: undefined,
      outputData: [],
      outputSize: 0,
      writable: true,
      _last: false,
      chunkedEncoding: false,
      shouldKeepAlive: false,
      useChunkedEncodingByDefault: true,
      sendDate: true,
      _removedConnection: false,
      _removedContLen: false,
      _removedTE: false,
      _contentLength: null,
      _hasBody: true,
      _trailer: '',
      finished: false,
      _headerSent: false,
      socket: [Circular],
      connection: [Circular],
      _header: null,
      _onPendingData: [Function: bound updateOutgoingData],
      _sent100: false,
      _expect_continue: false,
      req: [Circular],
      locals: [Object: null prototype] {},
      [Symbol(kNeedDrain)]: false,
      [Symbol(isCorked)]: false,
      [Symbol(kOutHeaders)]: [Object: null prototype]
    },
    [Symbol(asyncId)]: 58,
    [Symbol(kHandle)]: TCP {
      reading: true,
      onconnection: null,
      _consumed: true,
      [Symbol(owner)]: [Circular]
    },
    [Symbol(lastWriteQueueSize)]: 0,
    [Symbol(timeout)]: Timeout {
      _idleTimeout: 120000,
      _idlePrev: [TimersList],
      _idleNext: [TimersList],
      _idleStart: 18400,
      _onTimeout: [Function: bound ],
      _timerArgs: undefined,
      _repeat: null,
      _destroyed: false,
      [Symbol(refed)]: false,
      [Symbol(asyncId)]: 59,
      [Symbol(triggerId)]: 58
    },
    [Symbol(kBuffer)]: null,
    [Symbol(kBufferCb)]: null,
    [Symbol(kBufferGen)]: null,
    [Symbol(kBytesRead)]: 0,
    [Symbol(kBytesWritten)]: 0
  },
  _consuming: false,
  _dumped: false,
  next: [Function: next],
  baseUrl: '',
  originalUrl: '/users/login',
  _parsedUrl: Url {
    protocol: null,
    slashes: null,
    auth: null,
    host: null,
    port: null,
    hostname: null,
    hash: null,
    search: null,
    query: null,
    pathname: '/users/login',
    path: '/users/login',
    href: '/users/login',
    _raw: '/users/login'
  },
  params: {},
  query: {},
  res: ServerResponse {
    _events: [Object: null prototype] { finish: [Function: bound resOnFinish] },
    _eventsCount: 1,
    _maxListeners: undefined,
    outputData: [],
    outputSize: 0,
    writable: true,
    _last: false,
    chunkedEncoding: false,
    shouldKeepAlive: false,
    useChunkedEncodingByDefault: true,
    sendDate: true,
    _removedConnection: false,
    _removedContLen: false,
    _removedTE: false,
    _contentLength: null,
    _hasBody: true,
    _trailer: '',
    finished: false,
    _headerSent: false,
    socket: Socket {
      connecting: false,
      _hadError: false,
      _parent: null,
      _host: null,
      _readableState: [ReadableState],
      readable: true,
      _events: [Object: null prototype],
      _eventsCount: 8,
      _maxListeners: undefined,
      _writableState: [WritableState],
      writable: true,
      allowHalfOpen: true,
      _sockname: null,
      _pendingData: null,
      _pendingEncoding: '',
      server: [Server],
      _server: [Server],
      timeout: 120000,
      parser: [HTTPParser],
      on: [Function: socketListenerWrap],
      addListener: [Function: socketListenerWrap],
      prependListener: [Function: socketListenerWrap],
      _paused: false,
      _httpMessage: [Circular],
      [Symbol(asyncId)]: 58,
      [Symbol(kHandle)]: [TCP],
      [Symbol(lastWriteQueueSize)]: 0,
      [Symbol(timeout)]: Timeout {
        _idleTimeout: 120000,
        _idlePrev: [TimersList],
        _idleNext: [TimersList],
        _idleStart: 18400,
        _onTimeout: [Function: bound ],
        _timerArgs: undefined,
        _repeat: null,
        _destroyed: false,
        [Symbol(refed)]: false,
        [Symbol(asyncId)]: 59,
        [Symbol(triggerId)]: 58
      },
      [Symbol(kBuffer)]: null,
      [Symbol(kBufferCb)]: null,
      [Symbol(kBufferGen)]: null,
      [Symbol(kBytesRead)]: 0,
      [Symbol(kBytesWritten)]: 0
    },
    connection: Socket {
      connecting: false,
      _hadError: false,
      _parent: null,
      _host: null,
      _readableState: [ReadableState],
      readable: true,
      _events: [Object: null prototype],
      _eventsCount: 8,
      _maxListeners: undefined,
      _writableState: [WritableState],
      writable: true,
      allowHalfOpen: true,
      _sockname: null,
      _pendingData: null,
      _pendingEncoding: '',
      server: [Server],
      _server: [Server],
      timeout: 120000,
      parser: [HTTPParser],
      on: [Function: socketListenerWrap],
      addListener: [Function: socketListenerWrap],
      prependListener: [Function: socketListenerWrap],
      _paused: false,
      _httpMessage: [Circular],
      [Symbol(asyncId)]: 58,
      [Symbol(kHandle)]: [TCP],
      [Symbol(lastWriteQueueSize)]: 0,
      [Symbol(timeout)]: Timeout {
        _idleTimeout: 120000,
        _idlePrev: [TimersList],
        _idleNext: [TimersList],
        _idleStart: 18400,
        _onTimeout: [Function: bound ],
        _timerArgs: undefined,
        _repeat: null,
        _destroyed: false,
        [Symbol(refed)]: false,
        [Symbol(asyncId)]: 59,
        [Symbol(triggerId)]: 58
      },
      [Symbol(kBuffer)]: null,
      [Symbol(kBufferCb)]: null,
      [Symbol(kBufferGen)]: null,
      [Symbol(kBytesRead)]: 0,
      [Symbol(kBytesWritten)]: 0
    },
    _header: null,
    _onPendingData: [Function: bound updateOutgoingData],
    _sent100: false,
    _expect_continue: false,
    req: [Circular],
    locals: [Object: null prototype] {},
    [Symbol(kNeedDrain)]: false,
    [Symbol(isCorked)]: false,
    [Symbol(kOutHeaders)]: [Object: null prototype] { 'x-powered-by': [Array] }
  },
  route: Route {
    path: '/users/login',
    stack: [ [Layer] ],
    methods: { post: true }
  }
}
[2020-01-15T21:12:39.946] [INFO] req - 用户:undefined,注册成功
[2020-01-15T21:14:13.692] [INFO] req - 用户:[object SequelizeInstance:User],注册成功
[2020-01-15T21:14:50.106] [INFO] req - 用户:[object SequelizeInstance:User],注册成功
[2020-01-15T21:15:31.181] [INFO] req - 用户:NaN
[2020-01-15T21:16:24.393] [INFO] req - 用户:undefined,注册成功
[2020-01-15T21:16:53.093] [INFO] req - 用户:[object Object],注册成功
[2020-01-15T21:24:05.805] [INFO] req - 用户:[object Object],注册成功
[2020-01-15T21:26:57.329] [INFO] req - 用户:[object Object],注册成功
[2020-01-15T21:30:03.343] [INFO] req - 用户:[object Object],注册成功
[2020-01-15T21:33:42.041] [INFO] req - 用户:[object Object],注册成功
[2020-01-15T21:43:50.771] [INFO] req - 用户:[object Object],注册成功
[2020-01-15T21:44:45.596] [INFO] req - 用户:[object Object],注册成功
[2020-01-15T21:47:21.707] [INFO] req - 用户:[object Object],注册成功
[2020-01-15T21:48:29.869] [INFO] req - 用户:[object Object],注册成功
[2020-01-15T21:49:52.452] [INFO] req - 用户:[object Object],注册成功
[2020-01-15T21:51:54.409] [INFO] req - 用户:[object Object],注册成功
[2020-01-15T21:55:36.131] [INFO] req - 用户:[object Object],注册成功
[2020-01-15T21:57:35.489] [INFO] req - 用户:[object Object],注册成功
[2020-01-15T21:58:05.327] [INFO] req - 用户:[object Object],注册成功
[2020-01-15T21:59:12.193] [INFO] req - 用户:[object Object],注册成功
