[2020-01-15T20:11:38.583] [ERROR] err - 出现错误: ETIMEDOUT
[2020-01-15T20:13:32.667] [ERROR] err - 出现错误: Error: connect ETIMEDOUT 10.100.55.230:9000
[2020-01-15T20:32:53.979] [ERROR] err - 用户名或者密码错误!
[2020-01-15T20:41:46.270] [ERROR] err - 用户名或密码错误
[2020-01-15T20:41:53.644] [ERROR] err - 用户名或密码错误
[2020-01-15T20:42:18.227] [ERROR] err - 用户名或密码错误
[2020-01-15T20:42:55.720] [ERROR] err - 用户名或密码错误
[2020-01-15T20:43:06.080] [ERROR] err - 用户名或密码错误
[2020-01-15T20:43:17.216] [ERROR] err - 用户名或密码错误
[2020-01-15T20:50:26.275] [ERROR] err - 用户名或密码错误
[2020-01-15T20:51:20.430] [ERROR] err - 用户名或密码错误
[2020-01-15T20:51:59.369] [ERROR] err - 用户名或密码错误
[2020-01-15T20:52:12.056] [ERROR] err - 用户名或密码错误
[2020-01-15T20:52:16.891] [ERROR] err - 出现错误: Error: connect ETIMEDOUT 10.100.55.230:9000
[2020-01-15T20:56:05.483] [ERROR] err - 用户名或密码错误
[2020-01-15T20:57:23.177] [ERROR] err - 用户名或密码错误
[2020-01-15T20:57:49.883] [ERROR] err - 用户名或密码错误
[2020-01-15T21:03:47.236] [ERROR] err - TypeError: Cannot read property 'email' of undefined
    at login (D:\Vue+element-ui+nodejs+express\server\server\controllers\UserController.js:108:37)
    at Layer.handle [as handle_request] (D:\Vue+element-ui+nodejs+express\server\server\node_modules\_express@4.17.1@express\lib\router\layer.js:95:5)
    at next (D:\Vue+element-ui+nodejs+express\server\server\node_modules\_express@4.17.1@express\lib\router\route.js:137:13)
    at Route.dispatch (D:\Vue+element-ui+nodejs+express\server\server\node_modules\_express@4.17.1@express\lib\router\route.js:112:3)
    at Layer.handle [as handle_request] (D:\Vue+element-ui+nodejs+express\server\server\node_modules\_express@4.17.1@express\lib\router\layer.js:95:5)
    at D:\Vue+element-ui+nodejs+express\server\server\node_modules\_express@4.17.1@express\lib\router\index.js:281:22
    at Function.process_params (D:\Vue+element-ui+nodejs+express\server\server\node_modules\_express@4.17.1@express\lib\router\index.js:335:12)
    at next (D:\Vue+element-ui+nodejs+express\server\server\node_modules\_express@4.17.1@express\lib\router\index.js:275:10)
    at serveStatic (D:\Vue+element-ui+nodejs+express\server\server\node_modules\_serve-static@1.14.1@serve-static\index.js:75:16)
    at Layer.handle [as handle_request] (D:\Vue+element-ui+nodejs+express\server\server\node_modules\_express@4.17.1@express\lib\router\layer.js:95:5)
    at trim_prefix (D:\Vue+element-ui+nodejs+express\server\server\node_modules\_express@4.17.1@express\lib\router\index.js:317:13)
    at D:\Vue+element-ui+nodejs+express\server\server\node_modules\_express@4.17.1@express\lib\router\index.js:284:7
    at Function.process_params (D:\Vue+element-ui+nodejs+express\server\server\node_modules\_express@4.17.1@express\lib\router\index.js:335:12)
    at next (D:\Vue+element-ui+nodejs+express\server\server\node_modules\_express@4.17.1@express\lib\router\index.js:275:10)
    at expressInit (D:\Vue+element-ui+nodejs+express\server\server\node_modules\_express@4.17.1@express\lib\middleware\init.js:40:5)
    at Layer.handle [as handle_request] (D:\Vue+element-ui+nodejs+express\server\server\node_modules\_express@4.17.1@express\lib\router\layer.js:95:5)
    at trim_prefix (D:\Vue+element-ui+nodejs+express\server\server\node_modules\_express@4.17.1@express\lib\router\index.js:317:13)
    at D:\Vue+element-ui+nodejs+express\server\server\node_modules\_express@4.17.1@express\lib\router\index.js:284:7
    at Function.process_params (D:\Vue+element-ui+nodejs+express\server\server\node_modules\_express@4.17.1@express\lib\router\index.js:335:12)
    at next (D:\Vue+element-ui+nodejs+express\server\server\node_modules\_express@4.17.1@express\lib\router\index.js:275:10)
    at query (D:\Vue+element-ui+nodejs+express\server\server\node_modules\_express@4.17.1@express\lib\middleware\query.js:45:5)
    at Layer.handle [as handle_request] (D:\Vue+element-ui+nodejs+express\server\server\node_modules\_express@4.17.1@express\lib\router\layer.js:95:5)
[2020-01-15T21:05:22.770] [ERROR] err - DatabaseError [SequelizeDatabaseError]: SQLITE_ERROR: no such table: users
    at Query.formatError (D:\Vue+element-ui+nodejs+express\server\server\node_modules\sequelize\lib\dialects\sqlite\query.js:422:16)
    at Query._handleQueryResponse (D:\Vue+element-ui+nodejs+express\server\server\node_modules\sequelize\lib\dialects\sqlite\query.js:73:18)
    at afterExecute (D:\Vue+element-ui+nodejs+express\server\server\node_modules\sequelize\lib\dialects\sqlite\query.js:250:31)
    at Statement.errBack (D:\Vue+element-ui+nodejs+express\server\server\node_modules\sqlite3\lib\sqlite3.js:16:21) {
  name: 'SequelizeDatabaseError',
  parent: [Error: SQLITE_ERROR: no such table: users] {
    errno: 1,
    code: 'SQLITE_ERROR',
    sql: 'INSERT INTO `users` (`id`,`created_at`,`updated_at`) VALUES (NULL,$1,$2);'
  },
  original: [Error: SQLITE_ERROR: no such table: users] {
    errno: 1,
    code: 'SQLITE_ERROR',
    sql: 'INSERT INTO `users` (`id`,`created_at`,`updated_at`) VALUES (NULL,$1,$2);'
  },
  sql: 'INSERT INTO `users` (`id`,`created_at`,`updated_at`) VALUES (NULL,$1,$2);',
  parameters: undefined
}
[2020-01-15T21:06:50.057] [ERROR] err - TypeError: Cannot read property 'email' of undefined
    at login (D:\Vue+element-ui+nodejs+express\server\server\controllers\UserController.js:108:37)
    at Layer.handle [as handle_request] (D:\Vue+element-ui+nodejs+express\server\server\node_modules\_express@4.17.1@express\lib\router\layer.js:95:5)
    at next (D:\Vue+element-ui+nodejs+express\server\server\node_modules\_express@4.17.1@express\lib\router\route.js:137:13)
    at Route.dispatch (D:\Vue+element-ui+nodejs+express\server\server\node_modules\_express@4.17.1@express\lib\router\route.js:112:3)
    at Layer.handle [as handle_request] (D:\Vue+element-ui+nodejs+express\server\server\node_modules\_express@4.17.1@express\lib\router\layer.js:95:5)
    at D:\Vue+element-ui+nodejs+express\server\server\node_modules\_express@4.17.1@express\lib\router\index.js:281:22
    at Function.process_params (D:\Vue+element-ui+nodejs+express\server\server\node_modules\_express@4.17.1@express\lib\router\index.js:335:12)
    at next (D:\Vue+element-ui+nodejs+express\server\server\node_modules\_express@4.17.1@express\lib\router\index.js:275:10)
    at serveStatic (D:\Vue+element-ui+nodejs+express\server\server\node_modules\_serve-static@1.14.1@serve-static\index.js:75:16)
    at Layer.handle [as handle_request] (D:\Vue+element-ui+nodejs+express\server\server\node_modules\_express@4.17.1@express\lib\router\layer.js:95:5)
    at trim_prefix (D:\Vue+element-ui+nodejs+express\server\server\node_modules\_express@4.17.1@express\lib\router\index.js:317:13)
    at D:\Vue+element-ui+nodejs+express\server\server\node_modules\_express@4.17.1@express\lib\router\index.js:284:7
    at Function.process_params (D:\Vue+element-ui+nodejs+express\server\server\node_modules\_express@4.17.1@express\lib\router\index.js:335:12)
    at next (D:\Vue+element-ui+nodejs+express\server\server\node_modules\_express@4.17.1@express\lib\router\index.js:275:10)
    at expressInit (D:\Vue+element-ui+nodejs+express\server\server\node_modules\_express@4.17.1@express\lib\middleware\init.js:40:5)
    at Layer.handle [as handle_request] (D:\Vue+element-ui+nodejs+express\server\server\node_modules\_express@4.17.1@express\lib\router\layer.js:95:5)
    at trim_prefix (D:\Vue+element-ui+nodejs+express\server\server\node_modules\_express@4.17.1@express\lib\router\index.js:317:13)
    at D:\Vue+element-ui+nodejs+express\server\server\node_modules\_express@4.17.1@express\lib\router\index.js:284:7
    at Function.process_params (D:\Vue+element-ui+nodejs+express\server\server\node_modules\_express@4.17.1@express\lib\router\index.js:335:12)
    at next (D:\Vue+element-ui+nodejs+express\server\server\node_modules\_express@4.17.1@express\lib\router\index.js:275:10)
    at query (D:\Vue+element-ui+nodejs+express\server\server\node_modules\_express@4.17.1@express\lib\middleware\query.js:45:5)
    at Layer.handle [as handle_request] (D:\Vue+element-ui+nodejs+express\server\server\node_modules\_express@4.17.1@express\lib\router\layer.js:95:5)
[2020-01-15T21:08:04.755] [ERROR] err - TypeError: Cannot read property 'email' of undefined
    at login (D:\Vue+element-ui+nodejs+express\server\server\controllers\UserController.js:109:37)
    at Layer.handle [as handle_request] (D:\Vue+element-ui+nodejs+express\server\server\node_modules\_express@4.17.1@express\lib\router\layer.js:95:5)
    at next (D:\Vue+element-ui+nodejs+express\server\server\node_modules\_express@4.17.1@express\lib\router\route.js:137:13)
    at Route.dispatch (D:\Vue+element-ui+nodejs+express\server\server\node_modules\_express@4.17.1@express\lib\router\route.js:112:3)
    at Layer.handle [as handle_request] (D:\Vue+element-ui+nodejs+express\server\server\node_modules\_express@4.17.1@express\lib\router\layer.js:95:5)
    at D:\Vue+element-ui+nodejs+express\server\server\node_modules\_express@4.17.1@express\lib\router\index.js:281:22
    at Function.process_params (D:\Vue+element-ui+nodejs+express\server\server\node_modules\_express@4.17.1@express\lib\router\index.js:335:12)
    at next (D:\Vue+element-ui+nodejs+express\server\server\node_modules\_express@4.17.1@express\lib\router\index.js:275:10)
    at serveStatic (D:\Vue+element-ui+nodejs+express\server\server\node_modules\_serve-static@1.14.1@serve-static\index.js:75:16)
    at Layer.handle [as handle_request] (D:\Vue+element-ui+nodejs+express\server\server\node_modules\_express@4.17.1@express\lib\router\layer.js:95:5)
    at trim_prefix (D:\Vue+element-ui+nodejs+express\server\server\node_modules\_express@4.17.1@express\lib\router\index.js:317:13)
    at D:\Vue+element-ui+nodejs+express\server\server\node_modules\_express@4.17.1@express\lib\router\index.js:284:7
    at Function.process_params (D:\Vue+element-ui+nodejs+express\server\server\node_modules\_express@4.17.1@express\lib\router\index.js:335:12)
    at next (D:\Vue+element-ui+nodejs+express\server\server\node_modules\_express@4.17.1@express\lib\router\index.js:275:10)
    at expressInit (D:\Vue+element-ui+nodejs+express\server\server\node_modules\_express@4.17.1@express\lib\middleware\init.js:40:5)
    at Layer.handle [as handle_request] (D:\Vue+element-ui+nodejs+express\server\server\node_modules\_express@4.17.1@express\lib\router\layer.js:95:5)
    at trim_prefix (D:\Vue+element-ui+nodejs+express\server\server\node_modules\_express@4.17.1@express\lib\router\index.js:317:13)
    at D:\Vue+element-ui+nodejs+express\server\server\node_modules\_express@4.17.1@express\lib\router\index.js:284:7
    at Function.process_params (D:\Vue+element-ui+nodejs+express\server\server\node_modules\_express@4.17.1@express\lib\router\index.js:335:12)
    at next (D:\Vue+element-ui+nodejs+express\server\server\node_modules\_express@4.17.1@express\lib\router\index.js:275:10)
    at query (D:\Vue+element-ui+nodejs+express\server\server\node_modules\_express@4.17.1@express\lib\middleware\query.js:45:5)
    at Layer.handle [as handle_request] (D:\Vue+element-ui+nodejs+express\server\server\node_modules\_express@4.17.1@express\lib\router\layer.js:95:5)
